2021-01-19 18:21:36 +0000 :: hfe12 :: Forcibly submitting gdasprepchem
2021-01-19 18:21:36 +0000 :: hfe12 :: Submission status of gdasprepchem is pending at druby://hfe12:36101
2021-01-19 18:22:06 +0000 :: hfe12 :: Submission status of previously pending gdasprepchem is success, jobid=15483138
2021-01-19 18:22:06 +0000 :: hfe12 :: Task gdasprepchem, jobid=15483138, in state SUCCEEDED (COMPLETED), ran for 4.0 seconds, exit status=0, try=1 (of 2)
2021-01-19 18:22:06 +0000 :: hfe12 :: Forcibly submitting gdascalcinc
2021-01-19 18:22:06 +0000 :: hfe12 :: Submission status of gdascalcinc is pending at druby://hfe12:40044
2021-01-19 18:22:13 +0000 :: hfe12 :: Submission status of previously pending gdascalcinc is success, jobid=15483142
2021-01-19 18:22:13 +0000 :: hfe12 :: Task gdascalcinc, jobid=15483142, in state RUNNING (COMPLETING)
2021-01-19 18:22:13 +0000 :: hfe12 :: Forcibly submitting gdasenscalcinc01
2021-01-19 18:22:13 +0000 :: hfe12 :: Submission status of gdasenscalcinc01 is pending at druby://hfe12:44893
2021-01-19 18:22:13 +0000 :: hfe12 :: Forcibly submitting gdasenscalcinc02
2021-01-19 18:22:13 +0000 :: hfe12 :: Submission status of gdasenscalcinc02 is pending at druby://hfe12:44893
2021-01-19 18:22:13 +0000 :: hfe12 :: Forcibly submitting gdasenscalcinc03
2021-01-19 18:22:13 +0000 :: hfe12 :: Submission status of gdasenscalcinc03 is pending at druby://hfe12:44893
2021-01-19 18:22:13 +0000 :: hfe12 :: Forcibly submitting gdasenscalcinc04
2021-01-19 18:22:13 +0000 :: hfe12 :: Submission status of gdasenscalcinc04 is pending at druby://hfe12:44893
2021-01-19 18:22:13 +0000 :: hfe12 :: Forcibly submitting gdasenscalcinc05
2021-01-19 18:22:13 +0000 :: hfe12 :: Submission status of gdasenscalcinc05 is pending at druby://hfe12:44893
2021-01-19 18:22:43 +0000 :: hfe12 :: Submission status of previously pending gdasenscalcinc01 is success, jobid=15483153
2021-01-19 18:22:43 +0000 :: hfe12 :: Submission status of previously pending gdasenscalcinc02 is success, jobid=15483154
2021-01-19 18:22:43 +0000 :: hfe12 :: Submission status of previously pending gdasenscalcinc03 is failure!  sbatch: error: QOSMaxSubmitJobPerUserLimit
sbatch: error: Batch job submission failed: Job violates accounting/QOS policy (job submit limit, user's size and/or time limits)
2021-01-19 18:22:43 +0000 :: hfe12 :: Submission status of previously pending gdasenscalcinc04 is failure!  sbatch: error: QOSMaxSubmitJobPerUserLimit
sbatch: error: Batch job submission failed: Job violates accounting/QOS policy (job submit limit, user's size and/or time limits)
2021-01-19 18:22:43 +0000 :: hfe12 :: Submission status of previously pending gdasenscalcinc05 is failure!  sbatch: error: QOSMaxSubmitJobPerUserLimit
sbatch: error: Batch job submission failed: Job violates accounting/QOS policy (job submit limit, user's size and/or time limits)
2021-01-19 18:22:44 +0000 :: hfe12 :: Task gdascalcinc, jobid=15483142, in state SUCCEEDED (COMPLETED), ran for 7.0 seconds, exit status=0, try=1 (of 2)
2021-01-19 18:22:44 +0000 :: hfe12 :: Task gdasenscalcinc01, jobid=15483153, in state SUCCEEDED (COMPLETED), ran for 15.0 seconds, exit status=0, try=1 (of 2)
2021-01-19 18:22:44 +0000 :: hfe12 :: Task gdasenscalcinc02, jobid=15483154, in state SUCCEEDED (COMPLETED), ran for 14.0 seconds, exit status=0, try=1 (of 2)
2021-01-19 18:22:44 +0000 :: hfe12 :: Forcibly submitting gdascalcinc
2021-01-19 18:22:44 +0000 :: hfe12 :: Submission status of gdascalcinc is pending at druby://hfe12:45262
2021-01-19 18:23:48 +0000 :: hfe12 :: Submission status of previously pending gdascalcinc is success, jobid=15483158
2021-01-19 18:23:48 +0000 :: hfe12 :: Task gdascalcinc, jobid=15483158, in state SUCCEEDED (COMPLETED), ran for 6.0 seconds, exit status=0, try=3 (of 2)
2021-01-19 18:23:48 +0000 :: hfe12 :: Forcibly submitting gdasenscalcinc01
2021-01-19 18:23:48 +0000 :: hfe12 :: Submission status of gdasenscalcinc01 is pending at druby://hfe12:35740
2021-01-19 18:23:48 +0000 :: hfe12 :: Forcibly submitting gdasenscalcinc02
2021-01-19 18:23:48 +0000 :: hfe12 :: Submission status of gdasenscalcinc02 is pending at druby://hfe12:35740
2021-01-19 18:23:48 +0000 :: hfe12 :: Forcibly submitting gdasenscalcinc03
2021-01-19 18:23:48 +0000 :: hfe12 :: Submission status of gdasenscalcinc03 is pending at druby://hfe12:35740
2021-01-19 18:23:48 +0000 :: hfe12 :: Forcibly submitting gdasenscalcinc04
2021-01-19 18:23:48 +0000 :: hfe12 :: Submission status of gdasenscalcinc04 is pending at druby://hfe12:35740
2021-01-19 18:23:48 +0000 :: hfe12 :: Forcibly submitting gdasenscalcinc05
2021-01-19 18:23:48 +0000 :: hfe12 :: Submission status of gdasenscalcinc05 is pending at druby://hfe12:35740
2021-01-19 18:27:15 +0000 :: hfe12 :: Submission status of previously pending gdasenscalcinc01 is success, jobid=15483220
2021-01-19 18:27:15 +0000 :: hfe12 :: Submission status of previously pending gdasenscalcinc02 is success, jobid=15483221
2021-01-19 18:27:15 +0000 :: hfe12 :: Submission status of previously pending gdasenscalcinc03 is success, jobid=15483222
2021-01-19 18:27:15 +0000 :: hfe12 :: Submission status of previously pending gdasenscalcinc04 is success, jobid=15483223
2021-01-19 18:27:15 +0000 :: hfe12 :: Submission status of previously pending gdasenscalcinc05 is success, jobid=15483224
2021-01-19 18:27:15 +0000 :: hfe12 :: Task gdasenscalcinc01, jobid=15483220, in state SUCCEEDED (COMPLETED), ran for 13.0 seconds, exit status=0, try=3 (of 2)
2021-01-19 18:27:15 +0000 :: hfe12 :: Task gdasenscalcinc02, jobid=15483221, in state SUCCEEDED (COMPLETED), ran for 14.0 seconds, exit status=0, try=3 (of 2)
2021-01-19 18:27:15 +0000 :: hfe12 :: Task gdasenscalcinc03, jobid=15483222, in state SUCCEEDED (COMPLETED), ran for 17.0 seconds, exit status=0, try=1 (of 2)
2021-01-19 18:27:15 +0000 :: hfe12 :: Task gdasenscalcinc04, jobid=15483223, in state SUCCEEDED (COMPLETED), ran for 17.0 seconds, exit status=0, try=1 (of 2)
2021-01-19 18:27:15 +0000 :: hfe12 :: Task gdasenscalcinc05, jobid=15483224, in state SUCCEEDED (COMPLETED), ran for 17.0 seconds, exit status=0, try=1 (of 2)
2021-01-19 18:27:15 +0000 :: hfe12 :: Forcibly submitting gdasanal
2021-01-19 18:27:15 +0000 :: hfe12 :: Submission status of gdasanal is pending at druby://hfe12:44173
2021-01-19 18:34:05 +0000 :: hfe12 :: Submission status of previously pending gdasanal is success, jobid=15483290
2021-01-19 18:34:05 +0000 :: hfe12 :: Task gdasanal, jobid=15483290, in state SUCCEEDED (COMPLETED), ran for 231.0 seconds, exit status=0, try=1 (of 2)
2021-01-19 18:34:05 +0000 :: hfe12 :: Forcibly submitting gdaseupd
2021-01-19 18:34:05 +0000 :: hfe12 :: Submission status of gdaseupd is pending at druby://hfe12:45425
2021-01-19 18:46:05 +0000 :: hfe12 :: Submission status of previously pending gdaseupd is success, jobid=15483420
2021-01-19 18:46:06 +0000 :: hfe12 :: Task gdaseupd, jobid=15483420, in state SUCCEEDED (COMPLETED), ran for 403.0 seconds, exit status=0, try=1 (of 2)
2021-01-19 18:46:06 +0000 :: hfe12 :: Forcibly submitting gdasaodluts01
2021-01-19 18:46:06 +0000 :: hfe12 :: Submission status of gdasaodluts01 is pending at druby://hfe12:44876
2021-01-19 18:46:06 +0000 :: hfe12 :: Forcibly submitting gdasaodluts02
2021-01-19 18:46:06 +0000 :: hfe12 :: Submission status of gdasaodluts02 is pending at druby://hfe12:44876
2021-01-19 18:46:06 +0000 :: hfe12 :: Forcibly submitting gdasaodluts03
2021-01-19 18:46:06 +0000 :: hfe12 :: Submission status of gdasaodluts03 is pending at druby://hfe12:44876
2021-01-19 18:46:06 +0000 :: hfe12 :: Forcibly submitting gdasaodluts04
2021-01-19 18:46:06 +0000 :: hfe12 :: Submission status of gdasaodluts04 is pending at druby://hfe12:44876
2021-01-19 18:46:06 +0000 :: hfe12 :: Forcibly submitting gdasaodluts05
2021-01-19 18:46:06 +0000 :: hfe12 :: Submission status of gdasaodluts05 is pending at druby://hfe12:44876
2021-01-19 18:56:37 +0000 :: hfe12 :: Submission status of previously pending gdasaodluts01 is success, jobid=15483811
2021-01-19 18:56:38 +0000 :: hfe12 :: Submission status of previously pending gdasaodluts02 is success, jobid=15483812
2021-01-19 18:56:38 +0000 :: hfe12 :: Submission status of previously pending gdasaodluts03 is success, jobid=15483813
2021-01-19 18:56:38 +0000 :: hfe12 :: Submission status of previously pending gdasaodluts04 is success, jobid=15483814
2021-01-19 18:56:38 +0000 :: hfe12 :: Submission status of previously pending gdasaodluts05 is success, jobid=15483815
2021-01-19 18:56:38 +0000 :: hfe12 :: Task gdasaodluts01, jobid=15483811, in state SUCCEEDED (COMPLETED), ran for 306.0 seconds, exit status=0, try=1 (of 2)
2021-01-19 18:56:38 +0000 :: hfe12 :: Task gdasaodluts02, jobid=15483812, in state SUCCEEDED (COMPLETED), ran for 208.0 seconds, exit status=0, try=1 (of 2)
2021-01-19 18:56:38 +0000 :: hfe12 :: Task gdasaodluts03, jobid=15483813, in state SUCCEEDED (COMPLETED), ran for 210.0 seconds, exit status=0, try=1 (of 2)
2021-01-19 18:56:38 +0000 :: hfe12 :: Task gdasaodluts04, jobid=15483814, in state SUCCEEDED (COMPLETED), ran for 209.0 seconds, exit status=0, try=1 (of 2)
2021-01-19 18:56:38 +0000 :: hfe12 :: Task gdasaodluts05, jobid=15483815, in state SUCCEEDED (COMPLETED), ran for 208.0 seconds, exit status=0, try=1 (of 2)
2021-01-19 18:56:38 +0000 :: hfe12 :: Forcibly submitting enkfrecenter01
2021-01-19 18:56:38 +0000 :: hfe12 :: Submission status of enkfrecenter01 is pending at druby://hfe12:38301
2021-01-19 18:56:38 +0000 :: hfe12 :: Forcibly submitting enkfrecenter02
2021-01-19 18:56:38 +0000 :: hfe12 :: Submission status of enkfrecenter02 is pending at druby://hfe12:38301
2021-01-19 18:56:38 +0000 :: hfe12 :: Forcibly submitting enkfrecenter03
2021-01-19 18:56:38 +0000 :: hfe12 :: Submission status of enkfrecenter03 is pending at druby://hfe12:38301
2021-01-19 18:56:38 +0000 :: hfe12 :: Forcibly submitting enkfrecenter04
2021-01-19 18:56:38 +0000 :: hfe12 :: Submission status of enkfrecenter04 is pending at druby://hfe12:38301
2021-01-19 18:56:38 +0000 :: hfe12 :: Forcibly submitting enkfrecenter05
2021-01-19 18:56:38 +0000 :: hfe12 :: Submission status of enkfrecenter05 is pending at druby://hfe12:38301
2021-01-19 18:59:41 +0000 :: hfe12 :: Submission status of previously pending enkfrecenter01 is success, jobid=15484002
2021-01-19 18:59:41 +0000 :: hfe12 :: Submission status of previously pending enkfrecenter02 is success, jobid=15484003
2021-01-19 18:59:41 +0000 :: hfe12 :: Submission status of previously pending enkfrecenter03 is success, jobid=15484004
2021-01-19 18:59:41 +0000 :: hfe12 :: Submission status of previously pending enkfrecenter04 is success, jobid=15484005
2021-01-19 18:59:41 +0000 :: hfe12 :: Submission status of previously pending enkfrecenter05 is success, jobid=15484006
2021-01-19 18:59:42 +0000 :: hfe12 :: Task enkfrecenter01, jobid=15484002, in state SUCCEEDED (COMPLETED), ran for 47.0 seconds, exit status=0, try=1 (of 2)
2021-01-19 18:59:42 +0000 :: hfe12 :: Task enkfrecenter02, jobid=15484003, in state SUCCEEDED (COMPLETED), ran for 48.0 seconds, exit status=0, try=1 (of 2)
2021-01-19 18:59:42 +0000 :: hfe12 :: Task enkfrecenter03, jobid=15484004, in state SUCCEEDED (COMPLETED), ran for 47.0 seconds, exit status=0, try=1 (of 2)
2021-01-19 18:59:42 +0000 :: hfe12 :: Task enkfrecenter04, jobid=15484005, in state SUCCEEDED (COMPLETED), ran for 50.0 seconds, exit status=0, try=1 (of 2)
2021-01-19 18:59:42 +0000 :: hfe12 :: Task enkfrecenter05, jobid=15484006, in state SUCCEEDED (COMPLETED), ran for 47.0 seconds, exit status=0, try=1 (of 2)
2021-01-19 18:59:42 +0000 :: hfe12 :: Forcibly submitting gdasfcst
2021-01-19 18:59:42 +0000 :: hfe12 :: Submission status of gdasfcst is pending at druby://hfe12:43752
2021-01-19 18:59:51 +0000 :: hfe12 :: Submission status of previously pending gdasfcst is success, jobid=15484107
2021-01-19 18:59:51 +0000 :: hfe12 :: Task gdasfcst, jobid=15484107, in state RUNNING (RUNNING)
2021-01-19 18:59:51 +0000 :: hfe12 :: Forcibly submitting gdasefcs01
2021-01-19 18:59:51 +0000 :: hfe12 :: Submission status of gdasefcs01 is pending at druby://hfe12:42314
2021-01-19 18:59:51 +0000 :: hfe12 :: Forcibly submitting gdasefcs02
2021-01-19 18:59:51 +0000 :: hfe12 :: Submission status of gdasefcs02 is pending at druby://hfe12:42314
2021-01-19 18:59:51 +0000 :: hfe12 :: Forcibly submitting gdasefcs03
2021-01-19 18:59:51 +0000 :: hfe12 :: Submission status of gdasefcs03 is pending at druby://hfe12:42314
2021-01-19 18:59:51 +0000 :: hfe12 :: Forcibly submitting gdasefcs04
2021-01-19 18:59:51 +0000 :: hfe12 :: Submission status of gdasefcs04 is pending at druby://hfe12:42314
2021-01-19 18:59:51 +0000 :: hfe12 :: Forcibly submitting gdasefcs05
2021-01-19 18:59:51 +0000 :: hfe12 :: Submission status of gdasefcs05 is pending at druby://hfe12:42314
2021-01-19 19:08:09 +0000 :: hfe12 :: Submission status of previously pending gdasefcs01 is success, jobid=15484108
2021-01-19 19:08:09 +0000 :: hfe12 :: Submission status of previously pending gdasefcs02 is success, jobid=15484109
2021-01-19 19:08:09 +0000 :: hfe12 :: Submission status of previously pending gdasefcs03 is success, jobid=15484110
2021-01-19 19:08:09 +0000 :: hfe12 :: Submission status of previously pending gdasefcs04 is success, jobid=15484111
2021-01-19 19:08:09 +0000 :: hfe12 :: Submission status of previously pending gdasefcs05 is success, jobid=15484112
2021-01-19 19:08:09 +0000 :: hfe12 :: Task gdasfcst, jobid=15484107, in state SUCCEEDED (COMPLETED), ran for 89.0 seconds, exit status=0, try=1 (of 2)
2021-01-19 19:08:09 +0000 :: hfe12 :: Task gdasefcs01, jobid=15484108, in state SUCCEEDED (COMPLETED), ran for 419.0 seconds, exit status=0, try=1 (of 2)
2021-01-19 19:08:09 +0000 :: hfe12 :: Task gdasefcs02, jobid=15484109, in state SUCCEEDED (COMPLETED), ran for 414.0 seconds, exit status=0, try=1 (of 2)
2021-01-19 19:08:09 +0000 :: hfe12 :: Task gdasefcs03, jobid=15484110, in state SUCCEEDED (COMPLETED), ran for 413.0 seconds, exit status=0, try=1 (of 2)
2021-01-19 19:08:09 +0000 :: hfe12 :: Task gdasefcs04, jobid=15484111, in state SUCCEEDED (COMPLETED), ran for 416.0 seconds, exit status=0, try=1 (of 2)
2021-01-19 19:08:09 +0000 :: hfe12 :: Task gdasefcs05, jobid=15484112, in state SUCCEEDED (COMPLETED), ran for 416.0 seconds, exit status=0, try=1 (of 2)
2021-01-19 19:08:09 +0000 :: hfe12 :: Forcibly submitting gdasemean
2021-01-19 19:08:09 +0000 :: hfe12 :: Submission status of gdasemean is pending at druby://hfe12:43022
