2021-01-19 23:33:06 +0000 :: hfe11 :: Forcibly submitting gdasensprepmet01
2021-01-19 23:33:06 +0000 :: hfe11 :: Submission status of gdasensprepmet01 is pending at druby://hfe11:35157
2021-01-19 23:33:06 +0000 :: hfe11 :: Forcibly submitting gdasensprepmet02
2021-01-19 23:33:06 +0000 :: hfe11 :: Submission status of gdasensprepmet02 is pending at druby://hfe11:35157
2021-01-19 23:33:06 +0000 :: hfe11 :: Forcibly submitting gdasensprepmet03
2021-01-19 23:33:06 +0000 :: hfe11 :: Submission status of gdasensprepmet03 is pending at druby://hfe11:35157
2021-01-19 23:33:06 +0000 :: hfe11 :: Forcibly submitting gdasensprepmet04
2021-01-19 23:33:06 +0000 :: hfe11 :: Submission status of gdasensprepmet04 is pending at druby://hfe11:35157
2021-01-19 23:33:06 +0000 :: hfe11 :: Forcibly submitting gdasensprepmet05
2021-01-19 23:33:06 +0000 :: hfe11 :: Submission status of gdasensprepmet05 is pending at druby://hfe11:35157
2021-01-19 23:43:01 +0000 :: hfe11 :: Submission status of previously pending gdasensprepmet01 is success, jobid=15489865
2021-01-19 23:43:01 +0000 :: hfe11 :: Submission status of previously pending gdasensprepmet02 is success, jobid=15489866
2021-01-19 23:43:01 +0000 :: hfe11 :: Submission status of previously pending gdasensprepmet03 is success, jobid=15489867
2021-01-19 23:43:01 +0000 :: hfe11 :: Submission status of previously pending gdasensprepmet04 is success, jobid=15489868
2021-01-19 23:43:01 +0000 :: hfe11 :: Submission status of previously pending gdasensprepmet05 is success, jobid=15489869
2021-01-19 23:43:02 +0000 :: hfe11 :: Task gdasensprepmet01, jobid=15489865, in state FAILED (FAILED), ran for 4.0 seconds, exit status=1, try=1 (of 2)
2021-01-19 23:43:02 +0000 :: hfe11 :: Task gdasensprepmet02, jobid=15489866, in state FAILED (FAILED), ran for 6.0 seconds, exit status=1, try=1 (of 2)
2021-01-19 23:43:02 +0000 :: hfe11 :: Task gdasensprepmet03, jobid=15489867, in state FAILED (FAILED), ran for 7.0 seconds, exit status=1, try=1 (of 2)
2021-01-19 23:43:02 +0000 :: hfe11 :: Task gdasensprepmet04, jobid=15489868, in state FAILED (FAILED), ran for 6.0 seconds, exit status=1, try=1 (of 2)
2021-01-19 23:43:02 +0000 :: hfe11 :: Task gdasensprepmet05, jobid=15489869, in state FAILED (FAILED), ran for 9.0 seconds, exit status=1, try=1 (of 2)
2021-01-19 23:43:02 +0000 :: hfe11 :: Forcibly submitting gdasensprepmet01
2021-01-19 23:43:02 +0000 :: hfe11 :: Submission status of gdasensprepmet01 is pending at druby://hfe11:41378
2021-01-19 23:43:02 +0000 :: hfe11 :: Forcibly submitting gdasensprepmet02
2021-01-19 23:43:02 +0000 :: hfe11 :: Submission status of gdasensprepmet02 is pending at druby://hfe11:41378
2021-01-19 23:43:02 +0000 :: hfe11 :: Forcibly submitting gdasensprepmet03
2021-01-19 23:43:02 +0000 :: hfe11 :: Submission status of gdasensprepmet03 is pending at druby://hfe11:41378
2021-01-19 23:43:02 +0000 :: hfe11 :: Forcibly submitting gdasensprepmet04
2021-01-19 23:43:02 +0000 :: hfe11 :: Submission status of gdasensprepmet04 is pending at druby://hfe11:41378
2021-01-19 23:43:02 +0000 :: hfe11 :: Forcibly submitting gdasensprepmet05
2021-01-19 23:43:02 +0000 :: hfe11 :: Submission status of gdasensprepmet05 is pending at druby://hfe11:41378
2021-01-19 23:56:23 +0000 :: hfe11 :: Submission status of previously pending gdasensprepmet01 is success, jobid=15490298
2021-01-19 23:56:23 +0000 :: hfe11 :: Submission status of previously pending gdasensprepmet02 is success, jobid=15490299
2021-01-19 23:56:23 +0000 :: hfe11 :: Submission status of previously pending gdasensprepmet03 is success, jobid=15490300
2021-01-19 23:56:23 +0000 :: hfe11 :: Submission status of previously pending gdasensprepmet04 is success, jobid=15490301
2021-01-19 23:56:23 +0000 :: hfe11 :: Submission status of previously pending gdasensprepmet05 is success, jobid=15490302
2021-01-19 23:56:24 +0000 :: hfe11 :: Task gdasensprepmet01, jobid=15490298, in state SUCCEEDED (COMPLETED), ran for 9.0 seconds, exit status=0, try=3 (of 2)
2021-01-19 23:56:24 +0000 :: hfe11 :: Task gdasensprepmet02, jobid=15490299, in state SUCCEEDED (COMPLETED), ran for 10.0 seconds, exit status=0, try=3 (of 2)
2021-01-19 23:56:24 +0000 :: hfe11 :: Task gdasensprepmet03, jobid=15490300, in state SUCCEEDED (COMPLETED), ran for 9.0 seconds, exit status=0, try=3 (of 2)
2021-01-19 23:56:24 +0000 :: hfe11 :: Task gdasensprepmet04, jobid=15490301, in state SUCCEEDED (COMPLETED), ran for 11.0 seconds, exit status=0, try=3 (of 2)
2021-01-19 23:56:24 +0000 :: hfe11 :: Task gdasensprepmet05, jobid=15490302, in state SUCCEEDED (COMPLETED), ran for 11.0 seconds, exit status=0, try=3 (of 2)
2021-01-19 23:56:24 +0000 :: hfe11 :: Forcibly submitting gdasensprepmet01
2021-01-19 23:56:24 +0000 :: hfe11 :: Submission status of gdasensprepmet01 is pending at druby://hfe11:37073
2021-01-19 23:56:24 +0000 :: hfe11 :: Forcibly submitting gdasensprepmet02
2021-01-19 23:56:24 +0000 :: hfe11 :: Submission status of gdasensprepmet02 is pending at druby://hfe11:37073
2021-01-19 23:56:24 +0000 :: hfe11 :: Forcibly submitting gdasensprepmet03
2021-01-19 23:56:24 +0000 :: hfe11 :: Submission status of gdasensprepmet03 is pending at druby://hfe11:37073
2021-01-19 23:56:24 +0000 :: hfe11 :: Forcibly submitting gdasensprepmet04
2021-01-19 23:56:24 +0000 :: hfe11 :: Submission status of gdasensprepmet04 is pending at druby://hfe11:37073
2021-01-19 23:56:24 +0000 :: hfe11 :: Forcibly submitting gdasensprepmet05
2021-01-19 23:56:24 +0000 :: hfe11 :: Submission status of gdasensprepmet05 is pending at druby://hfe11:37073
2021-01-20 00:21:45 +0000 :: hfe11 :: Submission status of previously pending gdasensprepmet01 is success, jobid=15490804
2021-01-20 00:21:45 +0000 :: hfe11 :: Submission status of previously pending gdasensprepmet02 is success, jobid=15490805
2021-01-20 00:21:45 +0000 :: hfe11 :: Submission status of previously pending gdasensprepmet03 is success, jobid=15490806
2021-01-20 00:21:45 +0000 :: hfe11 :: Submission status of previously pending gdasensprepmet04 is success, jobid=15490807
2021-01-20 00:21:45 +0000 :: hfe11 :: Submission status of previously pending gdasensprepmet05 is success, jobid=15490808
2021-01-20 00:21:45 +0000 :: hfe11 :: Task gdasensprepmet01, jobid=15490804, in state SUCCEEDED (COMPLETED), ran for 77.0 seconds, exit status=0, try=5 (of 2)
2021-01-20 00:21:45 +0000 :: hfe11 :: Task gdasensprepmet02, jobid=15490805, in state SUCCEEDED (COMPLETED), ran for 75.0 seconds, exit status=0, try=5 (of 2)
2021-01-20 00:21:45 +0000 :: hfe11 :: Task gdasensprepmet03, jobid=15490806, in state SUCCEEDED (COMPLETED), ran for 77.0 seconds, exit status=0, try=5 (of 2)
2021-01-20 00:21:45 +0000 :: hfe11 :: Task gdasensprepmet04, jobid=15490807, in state SUCCEEDED (COMPLETED), ran for 79.0 seconds, exit status=0, try=5 (of 2)
2021-01-20 00:21:45 +0000 :: hfe11 :: Task gdasensprepmet05, jobid=15490808, in state SUCCEEDED (COMPLETED), ran for 77.0 seconds, exit status=0, try=5 (of 2)
2021-01-20 00:21:45 +0000 :: hfe11 :: Forcibly submitting gdasensprepmet01
2021-01-20 00:21:45 +0000 :: hfe11 :: Submission status of gdasensprepmet01 is pending at druby://hfe11:36098
2021-01-20 00:21:45 +0000 :: hfe11 :: Forcibly submitting gdasensprepmet02
2021-01-20 00:21:45 +0000 :: hfe11 :: Submission status of gdasensprepmet02 is pending at druby://hfe11:36098
2021-01-20 00:21:45 +0000 :: hfe11 :: Forcibly submitting gdasensprepmet03
2021-01-20 00:21:45 +0000 :: hfe11 :: Submission status of gdasensprepmet03 is pending at druby://hfe11:36098
2021-01-20 00:21:45 +0000 :: hfe11 :: Forcibly submitting gdasensprepmet04
2021-01-20 00:21:45 +0000 :: hfe11 :: Submission status of gdasensprepmet04 is pending at druby://hfe11:36098
2021-01-20 00:21:45 +0000 :: hfe11 :: Forcibly submitting gdasensprepmet05
2021-01-20 00:21:45 +0000 :: hfe11 :: Submission status of gdasensprepmet05 is pending at druby://hfe11:36098
2021-01-20 00:41:43 +0000 :: hfe11 :: Submission status of previously pending gdasensprepmet01 is success, jobid=15491525
2021-01-20 00:41:43 +0000 :: hfe11 :: Submission status of previously pending gdasensprepmet02 is success, jobid=15491526
2021-01-20 00:41:43 +0000 :: hfe11 :: Submission status of previously pending gdasensprepmet03 is success, jobid=15491527
2021-01-20 00:41:43 +0000 :: hfe11 :: Submission status of previously pending gdasensprepmet04 is success, jobid=15491528
2021-01-20 00:41:43 +0000 :: hfe11 :: Submission status of previously pending gdasensprepmet05 is success, jobid=15491529
2021-01-20 00:41:43 +0000 :: hfe11 :: Task gdasensprepmet01, jobid=15491525, in state SUCCEEDED (COMPLETED), ran for 78.0 seconds, exit status=0, try=7 (of 2)
2021-01-20 00:41:43 +0000 :: hfe11 :: Task gdasensprepmet02, jobid=15491526, in state SUCCEEDED (COMPLETED), ran for 76.0 seconds, exit status=0, try=7 (of 2)
2021-01-20 00:41:43 +0000 :: hfe11 :: Task gdasensprepmet03, jobid=15491527, in state SUCCEEDED (COMPLETED), ran for 76.0 seconds, exit status=0, try=7 (of 2)
2021-01-20 00:41:43 +0000 :: hfe11 :: Task gdasensprepmet04, jobid=15491528, in state SUCCEEDED (COMPLETED), ran for 81.0 seconds, exit status=0, try=7 (of 2)
2021-01-20 00:41:43 +0000 :: hfe11 :: Task gdasensprepmet05, jobid=15491529, in state SUCCEEDED (COMPLETED), ran for 77.0 seconds, exit status=0, try=7 (of 2)
2021-01-20 00:41:43 +0000 :: hfe11 :: Forcibly submitting gdasensprepmet01
2021-01-20 00:41:43 +0000 :: hfe11 :: Submission status of gdasensprepmet01 is pending at druby://hfe11:40673
2021-01-20 00:41:43 +0000 :: hfe11 :: Forcibly submitting gdasensprepmet02
2021-01-20 00:41:43 +0000 :: hfe11 :: Submission status of gdasensprepmet02 is pending at druby://hfe11:40673
2021-01-20 00:41:43 +0000 :: hfe11 :: Forcibly submitting gdasensprepmet03
2021-01-20 00:41:43 +0000 :: hfe11 :: Submission status of gdasensprepmet03 is pending at druby://hfe11:40673
2021-01-20 00:41:43 +0000 :: hfe11 :: Forcibly submitting gdasensprepmet04
2021-01-20 00:41:43 +0000 :: hfe11 :: Submission status of gdasensprepmet04 is pending at druby://hfe11:40673
2021-01-20 00:41:43 +0000 :: hfe11 :: Forcibly submitting gdasensprepmet05
2021-01-20 00:41:43 +0000 :: hfe11 :: Submission status of gdasensprepmet05 is pending at druby://hfe11:40673
2021-01-20 00:49:16 +0000 :: hfe11 :: Submission status of previously pending gdasensprepmet01 is success, jobid=15492073
2021-01-20 00:49:16 +0000 :: hfe11 :: Submission status of previously pending gdasensprepmet02 is success, jobid=15492074
2021-01-20 00:49:16 +0000 :: hfe11 :: Submission status of previously pending gdasensprepmet03 is success, jobid=15492075
2021-01-20 00:49:16 +0000 :: hfe11 :: Submission status of previously pending gdasensprepmet04 is success, jobid=15492076
2021-01-20 00:49:16 +0000 :: hfe11 :: Submission status of previously pending gdasensprepmet05 is success, jobid=15492077
2021-01-20 00:49:16 +0000 :: hfe11 :: Task gdasensprepmet01, jobid=15492073, in state SUCCEEDED (COMPLETED), ran for 6.0 seconds, exit status=0, try=9 (of 2)
2021-01-20 00:49:16 +0000 :: hfe11 :: Task gdasensprepmet02, jobid=15492074, in state SUCCEEDED (COMPLETED), ran for 7.0 seconds, exit status=0, try=9 (of 2)
2021-01-20 00:49:16 +0000 :: hfe11 :: Task gdasensprepmet03, jobid=15492075, in state SUCCEEDED (COMPLETED), ran for 6.0 seconds, exit status=0, try=9 (of 2)
2021-01-20 00:49:16 +0000 :: hfe11 :: Task gdasensprepmet04, jobid=15492076, in state SUCCEEDED (COMPLETED), ran for 7.0 seconds, exit status=0, try=9 (of 2)
2021-01-20 00:49:16 +0000 :: hfe11 :: Task gdasensprepmet05, jobid=15492077, in state SUCCEEDED (COMPLETED), ran for 6.0 seconds, exit status=0, try=9 (of 2)
2021-01-20 00:49:16 +0000 :: hfe11 :: Forcibly submitting gdasensprepmet01
2021-01-20 00:49:16 +0000 :: hfe11 :: Submission status of gdasensprepmet01 is pending at druby://hfe11:46567
2021-01-20 00:49:16 +0000 :: hfe11 :: Forcibly submitting gdasensprepmet02
2021-01-20 00:49:16 +0000 :: hfe11 :: Submission status of gdasensprepmet02 is pending at druby://hfe11:46567
2021-01-20 00:49:16 +0000 :: hfe11 :: Forcibly submitting gdasensprepmet03
2021-01-20 00:49:16 +0000 :: hfe11 :: Submission status of gdasensprepmet03 is pending at druby://hfe11:46567
2021-01-20 00:49:16 +0000 :: hfe11 :: Forcibly submitting gdasensprepmet04
2021-01-20 00:49:16 +0000 :: hfe11 :: Submission status of gdasensprepmet04 is pending at druby://hfe11:46567
2021-01-20 00:49:16 +0000 :: hfe11 :: Forcibly submitting gdasensprepmet05
2021-01-20 00:49:16 +0000 :: hfe11 :: Submission status of gdasensprepmet05 is pending at druby://hfe11:46567
2021-01-20 00:50:01 +0000 :: hfe11 :: Submission status of previously pending gdasensprepmet01 is success, jobid=15492276
2021-01-20 00:50:01 +0000 :: hfe11 :: Submission status of previously pending gdasensprepmet02 is success, jobid=15492277
2021-01-20 00:50:01 +0000 :: hfe11 :: Submission status of previously pending gdasensprepmet03 is success, jobid=15492278
2021-01-20 00:50:01 +0000 :: hfe11 :: Submission status of previously pending gdasensprepmet04 is success, jobid=15492279
2021-01-20 00:50:01 +0000 :: hfe11 :: Submission status of previously pending gdasensprepmet05 is success, jobid=15492280
2021-01-20 00:50:01 +0000 :: hfe11 :: Task gdasensprepmet01, jobid=15492276, in state DEAD (FAILED), ran for 6.0 seconds, exit status=256, try=11 (of 2)
2021-01-20 00:50:01 +0000 :: hfe11 :: Task gdasensprepmet02, jobid=15492277, in state DEAD (FAILED), ran for 7.0 seconds, exit status=256, try=11 (of 2)
2021-01-20 00:50:01 +0000 :: hfe11 :: Task gdasensprepmet03, jobid=15492278, in state DEAD (FAILED), ran for 6.0 seconds, exit status=256, try=11 (of 2)
2021-01-20 00:50:01 +0000 :: hfe11 :: Task gdasensprepmet04, jobid=15492279, in state DEAD (FAILED), ran for 7.0 seconds, exit status=256, try=11 (of 2)
2021-01-20 00:50:01 +0000 :: hfe11 :: Task gdasensprepmet05, jobid=15492280, in state DEAD (FAILED), ran for 7.0 seconds, exit status=256, try=11 (of 2)
2021-01-20 00:50:01 +0000 :: hfe11 :: Forcibly submitting gdasensprepmet01
2021-01-20 00:50:01 +0000 :: hfe11 :: Submission status of gdasensprepmet01 is pending at druby://hfe11:36177
2021-01-20 00:50:01 +0000 :: hfe11 :: Forcibly submitting gdasensprepmet02
2021-01-20 00:50:01 +0000 :: hfe11 :: Submission status of gdasensprepmet02 is pending at druby://hfe11:36177
2021-01-20 00:50:01 +0000 :: hfe11 :: Forcibly submitting gdasensprepmet03
2021-01-20 00:50:01 +0000 :: hfe11 :: Submission status of gdasensprepmet03 is pending at druby://hfe11:36177
2021-01-20 00:50:01 +0000 :: hfe11 :: Forcibly submitting gdasensprepmet04
2021-01-20 00:50:01 +0000 :: hfe11 :: Submission status of gdasensprepmet04 is pending at druby://hfe11:36177
2021-01-20 00:50:02 +0000 :: hfe11 :: Forcibly submitting gdasensprepmet05
2021-01-20 00:50:02 +0000 :: hfe11 :: Submission status of gdasensprepmet05 is pending at druby://hfe11:36177
2021-01-20 01:02:10 +0000 :: hfe11 :: Submission status of previously pending gdasensprepmet01 is success, jobid=15492295
2021-01-20 01:02:10 +0000 :: hfe11 :: Submission status of previously pending gdasensprepmet02 is success, jobid=15492296
2021-01-20 01:02:10 +0000 :: hfe11 :: Submission status of previously pending gdasensprepmet03 is success, jobid=15492297
2021-01-20 01:02:10 +0000 :: hfe11 :: Submission status of previously pending gdasensprepmet04 is success, jobid=15492298
2021-01-20 01:02:10 +0000 :: hfe11 :: Submission status of previously pending gdasensprepmet05 is success, jobid=15492299
2021-01-20 01:02:10 +0000 :: hfe11 :: Task gdasensprepmet01, jobid=15492295, in state SUCCEEDED (COMPLETED), ran for 91.0 seconds, exit status=0, try=13 (of 2)
2021-01-20 01:02:10 +0000 :: hfe11 :: Task gdasensprepmet02, jobid=15492296, in state SUCCEEDED (COMPLETED), ran for 82.0 seconds, exit status=0, try=13 (of 2)
2021-01-20 01:02:10 +0000 :: hfe11 :: Task gdasensprepmet03, jobid=15492297, in state SUCCEEDED (COMPLETED), ran for 86.0 seconds, exit status=0, try=13 (of 2)
2021-01-20 01:02:10 +0000 :: hfe11 :: Task gdasensprepmet04, jobid=15492298, in state SUCCEEDED (COMPLETED), ran for 83.0 seconds, exit status=0, try=13 (of 2)
2021-01-20 01:02:10 +0000 :: hfe11 :: Task gdasensprepmet05, jobid=15492299, in state SUCCEEDED (COMPLETED), ran for 80.0 seconds, exit status=0, try=13 (of 2)
2021-01-20 01:02:10 +0000 :: hfe11 :: Forcibly submitting gdasensprepmet01
2021-01-20 01:02:10 +0000 :: hfe11 :: Submission status of gdasensprepmet01 is pending at druby://hfe11:36958
2021-01-20 01:02:10 +0000 :: hfe11 :: Forcibly submitting gdasensprepmet02
2021-01-20 01:02:10 +0000 :: hfe11 :: Submission status of gdasensprepmet02 is pending at druby://hfe11:36958
2021-01-20 01:02:10 +0000 :: hfe11 :: Forcibly submitting gdasensprepmet03
2021-01-20 01:02:10 +0000 :: hfe11 :: Submission status of gdasensprepmet03 is pending at druby://hfe11:36958
2021-01-20 01:02:11 +0000 :: hfe11 :: Forcibly submitting gdasensprepmet04
2021-01-20 01:02:11 +0000 :: hfe11 :: Submission status of gdasensprepmet04 is pending at druby://hfe11:36958
2021-01-20 01:02:11 +0000 :: hfe11 :: Forcibly submitting gdasensprepmet05
2021-01-20 01:02:11 +0000 :: hfe11 :: Submission status of gdasensprepmet05 is pending at druby://hfe11:36958
2021-01-20 01:09:05 +0000 :: hfe11 :: Submission status of previously pending gdasensprepmet01 is success, jobid=15492551
2021-01-20 01:09:05 +0000 :: hfe11 :: Submission status of previously pending gdasensprepmet02 is success, jobid=15492552
2021-01-20 01:09:05 +0000 :: hfe11 :: Submission status of previously pending gdasensprepmet03 is success, jobid=15492553
2021-01-20 01:09:05 +0000 :: hfe11 :: Submission status of previously pending gdasensprepmet04 is success, jobid=15492554
2021-01-20 01:09:05 +0000 :: hfe11 :: Submission status of previously pending gdasensprepmet05 is success, jobid=15492555
2021-01-20 01:09:05 +0000 :: hfe11 :: Task gdasensprepmet01, jobid=15492551, in state SUCCEEDED (COMPLETED), ran for 7.0 seconds, exit status=0, try=15 (of 2)
2021-01-20 01:09:05 +0000 :: hfe11 :: Task gdasensprepmet02, jobid=15492552, in state SUCCEEDED (COMPLETED), ran for 7.0 seconds, exit status=0, try=15 (of 2)
2021-01-20 01:09:05 +0000 :: hfe11 :: Task gdasensprepmet03, jobid=15492553, in state SUCCEEDED (COMPLETED), ran for 16.0 seconds, exit status=0, try=15 (of 2)
2021-01-20 01:09:05 +0000 :: hfe11 :: Task gdasensprepmet04, jobid=15492554, in state SUCCEEDED (COMPLETED), ran for 8.0 seconds, exit status=0, try=15 (of 2)
2021-01-20 01:09:05 +0000 :: hfe11 :: Task gdasensprepmet05, jobid=15492555, in state SUCCEEDED (COMPLETED), ran for 13.0 seconds, exit status=0, try=15 (of 2)
2021-01-20 01:09:05 +0000 :: hfe11 :: Forcibly submitting gdasensprepmet01
2021-01-20 01:09:05 +0000 :: hfe11 :: Submission status of gdasensprepmet01 is pending at druby://hfe11:39868
2021-01-20 01:09:05 +0000 :: hfe11 :: Forcibly submitting gdasensprepmet02
2021-01-20 01:09:05 +0000 :: hfe11 :: Submission status of gdasensprepmet02 is pending at druby://hfe11:39868
2021-01-20 01:09:05 +0000 :: hfe11 :: Forcibly submitting gdasensprepmet03
2021-01-20 01:09:05 +0000 :: hfe11 :: Submission status of gdasensprepmet03 is pending at druby://hfe11:39868
2021-01-20 01:09:05 +0000 :: hfe11 :: Forcibly submitting gdasensprepmet04
2021-01-20 01:09:05 +0000 :: hfe11 :: Submission status of gdasensprepmet04 is pending at druby://hfe11:39868
2021-01-20 01:09:05 +0000 :: hfe11 :: Forcibly submitting gdasensprepmet05
2021-01-20 01:09:05 +0000 :: hfe11 :: Submission status of gdasensprepmet05 is pending at druby://hfe11:39868
2021-01-20 01:18:17 +0000 :: hfe11 :: Submission status of previously pending gdasensprepmet01 is success, jobid=15492691
2021-01-20 01:18:17 +0000 :: hfe11 :: Submission status of previously pending gdasensprepmet02 is success, jobid=15492692
2021-01-20 01:18:17 +0000 :: hfe11 :: Submission status of previously pending gdasensprepmet03 is success, jobid=15492693
2021-01-20 01:18:17 +0000 :: hfe11 :: Submission status of previously pending gdasensprepmet04 is success, jobid=15492694
2021-01-20 01:18:17 +0000 :: hfe11 :: Submission status of previously pending gdasensprepmet05 is success, jobid=15492695
2021-01-20 01:18:18 +0000 :: hfe11 :: Task gdasensprepmet01, jobid=15492691, in state DEAD (FAILED), ran for 7.0 seconds, exit status=3, try=17 (of 2)
2021-01-20 01:18:18 +0000 :: hfe11 :: Task gdasensprepmet02, jobid=15492692, in state DEAD (FAILED), ran for 8.0 seconds, exit status=3, try=17 (of 2)
2021-01-20 01:18:18 +0000 :: hfe11 :: Task gdasensprepmet03, jobid=15492693, in state DEAD (FAILED), ran for 8.0 seconds, exit status=3, try=17 (of 2)
2021-01-20 01:18:18 +0000 :: hfe11 :: Task gdasensprepmet04, jobid=15492694, in state DEAD (FAILED), ran for 7.0 seconds, exit status=3, try=17 (of 2)
2021-01-20 01:18:18 +0000 :: hfe11 :: Task gdasensprepmet05, jobid=15492695, in state DEAD (FAILED), ran for 6.0 seconds, exit status=3, try=17 (of 2)
2021-01-20 01:18:18 +0000 :: hfe11 :: Forcibly submitting gdasensprepmet01
2021-01-20 01:18:18 +0000 :: hfe11 :: Submission status of gdasensprepmet01 is pending at druby://hfe11:37901
2021-01-20 01:18:18 +0000 :: hfe11 :: Forcibly submitting gdasensprepmet02
2021-01-20 01:18:18 +0000 :: hfe11 :: Submission status of gdasensprepmet02 is pending at druby://hfe11:37901
2021-01-20 01:18:18 +0000 :: hfe11 :: Forcibly submitting gdasensprepmet03
2021-01-20 01:18:18 +0000 :: hfe11 :: Submission status of gdasensprepmet03 is pending at druby://hfe11:37901
2021-01-20 01:18:18 +0000 :: hfe11 :: Forcibly submitting gdasensprepmet04
2021-01-20 01:18:18 +0000 :: hfe11 :: Submission status of gdasensprepmet04 is pending at druby://hfe11:37901
2021-01-20 01:18:18 +0000 :: hfe11 :: Forcibly submitting gdasensprepmet05
2021-01-20 01:18:18 +0000 :: hfe11 :: Submission status of gdasensprepmet05 is pending at druby://hfe11:37901
2021-01-20 01:24:53 +0000 :: hfe11 :: Submission status of previously pending gdasensprepmet01 is success, jobid=15492896
2021-01-20 01:24:53 +0000 :: hfe11 :: Submission status of previously pending gdasensprepmet02 is success, jobid=15492897
2021-01-20 01:24:53 +0000 :: hfe11 :: Submission status of previously pending gdasensprepmet03 is success, jobid=15492898
2021-01-20 01:24:53 +0000 :: hfe11 :: Submission status of previously pending gdasensprepmet04 is success, jobid=15492899
2021-01-20 01:24:53 +0000 :: hfe11 :: Submission status of previously pending gdasensprepmet05 is success, jobid=15492900
2021-01-20 01:24:53 +0000 :: hfe11 :: Task gdasensprepmet01, jobid=15492896, in state SUCCEEDED (COMPLETED), ran for 11.0 seconds, exit status=0, try=19 (of 2)
2021-01-20 01:24:53 +0000 :: hfe11 :: Task gdasensprepmet02, jobid=15492897, in state SUCCEEDED (COMPLETED), ran for 7.0 seconds, exit status=0, try=19 (of 2)
2021-01-20 01:24:53 +0000 :: hfe11 :: Task gdasensprepmet03, jobid=15492898, in state SUCCEEDED (COMPLETED), ran for 7.0 seconds, exit status=0, try=19 (of 2)
2021-01-20 01:24:53 +0000 :: hfe11 :: Task gdasensprepmet04, jobid=15492899, in state SUCCEEDED (COMPLETED), ran for 7.0 seconds, exit status=0, try=19 (of 2)
2021-01-20 01:24:53 +0000 :: hfe11 :: Task gdasensprepmet05, jobid=15492900, in state SUCCEEDED (COMPLETED), ran for 8.0 seconds, exit status=0, try=19 (of 2)
2021-01-20 01:24:53 +0000 :: hfe11 :: Forcibly submitting gdasensprepmet01
2021-01-20 01:24:53 +0000 :: hfe11 :: Submission status of gdasensprepmet01 is pending at druby://hfe11:45418
2021-01-20 01:24:53 +0000 :: hfe11 :: Forcibly submitting gdasensprepmet02
2021-01-20 01:24:53 +0000 :: hfe11 :: Submission status of gdasensprepmet02 is pending at druby://hfe11:45418
2021-01-20 01:24:53 +0000 :: hfe11 :: Forcibly submitting gdasensprepmet03
2021-01-20 01:24:53 +0000 :: hfe11 :: Submission status of gdasensprepmet03 is pending at druby://hfe11:45418
2021-01-20 01:24:53 +0000 :: hfe11 :: Forcibly submitting gdasensprepmet04
2021-01-20 01:24:53 +0000 :: hfe11 :: Submission status of gdasensprepmet04 is pending at druby://hfe11:45418
2021-01-20 01:24:53 +0000 :: hfe11 :: Forcibly submitting gdasensprepmet05
2021-01-20 01:24:53 +0000 :: hfe11 :: Submission status of gdasensprepmet05 is pending at druby://hfe11:45418
2021-01-20 01:29:41 +0000 :: hfe11 :: Submission status of previously pending gdasensprepmet01 is success, jobid=15492993
2021-01-20 01:29:41 +0000 :: hfe11 :: Submission status of previously pending gdasensprepmet02 is success, jobid=15492994
2021-01-20 01:29:41 +0000 :: hfe11 :: Submission status of previously pending gdasensprepmet03 is success, jobid=15492995
2021-01-20 01:29:41 +0000 :: hfe11 :: Submission status of previously pending gdasensprepmet04 is success, jobid=15492996
2021-01-20 01:29:41 +0000 :: hfe11 :: Submission status of previously pending gdasensprepmet05 is success, jobid=15492997
2021-01-20 01:29:41 +0000 :: hfe11 :: Task gdasensprepmet01, jobid=15492993, in state SUCCEEDED (COMPLETED), ran for 10.0 seconds, exit status=0, try=21 (of 2)
2021-01-20 01:29:41 +0000 :: hfe11 :: Task gdasensprepmet02, jobid=15492994, in state SUCCEEDED (COMPLETED), ran for 6.0 seconds, exit status=0, try=21 (of 2)
2021-01-20 01:29:41 +0000 :: hfe11 :: Task gdasensprepmet03, jobid=15492995, in state SUCCEEDED (COMPLETED), ran for 6.0 seconds, exit status=0, try=21 (of 2)
2021-01-20 01:29:41 +0000 :: hfe11 :: Task gdasensprepmet04, jobid=15492996, in state SUCCEEDED (COMPLETED), ran for 6.0 seconds, exit status=0, try=21 (of 2)
2021-01-20 01:29:41 +0000 :: hfe11 :: Task gdasensprepmet05, jobid=15492997, in state SUCCEEDED (COMPLETED), ran for 9.0 seconds, exit status=0, try=21 (of 2)
2021-01-20 01:29:41 +0000 :: hfe11 :: Forcibly submitting gdasensprepmet01
2021-01-20 01:29:41 +0000 :: hfe11 :: Submission status of gdasensprepmet01 is pending at druby://hfe11:39879
2021-01-20 01:29:41 +0000 :: hfe11 :: Forcibly submitting gdasensprepmet02
2021-01-20 01:29:41 +0000 :: hfe11 :: Submission status of gdasensprepmet02 is pending at druby://hfe11:39879
2021-01-20 01:29:41 +0000 :: hfe11 :: Forcibly submitting gdasensprepmet03
2021-01-20 01:29:41 +0000 :: hfe11 :: Submission status of gdasensprepmet03 is pending at druby://hfe11:39879
2021-01-20 01:29:41 +0000 :: hfe11 :: Forcibly submitting gdasensprepmet04
2021-01-20 01:29:41 +0000 :: hfe11 :: Submission status of gdasensprepmet04 is pending at druby://hfe11:39879
2021-01-20 01:29:41 +0000 :: hfe11 :: Forcibly submitting gdasensprepmet05
2021-01-20 01:29:41 +0000 :: hfe11 :: Submission status of gdasensprepmet05 is pending at druby://hfe11:39879
2021-01-20 01:33:09 +0000 :: hfe11 :: Submission status of previously pending gdasensprepmet01 is success, jobid=15493075
2021-01-20 01:33:09 +0000 :: hfe11 :: Submission status of previously pending gdasensprepmet02 is success, jobid=15493076
2021-01-20 01:33:09 +0000 :: hfe11 :: Submission status of previously pending gdasensprepmet03 is success, jobid=15493077
2021-01-20 01:33:09 +0000 :: hfe11 :: Submission status of previously pending gdasensprepmet04 is success, jobid=15493078
2021-01-20 01:33:09 +0000 :: hfe11 :: Submission status of previously pending gdasensprepmet05 is success, jobid=15493079
2021-01-20 01:33:09 +0000 :: hfe11 :: Task gdasensprepmet01, jobid=15493075, in state SUCCEEDED (COMPLETED), ran for 6.0 seconds, exit status=0, try=23 (of 2)
2021-01-20 01:33:09 +0000 :: hfe11 :: Task gdasensprepmet02, jobid=15493076, in state SUCCEEDED (COMPLETED), ran for 8.0 seconds, exit status=0, try=23 (of 2)
2021-01-20 01:33:09 +0000 :: hfe11 :: Task gdasensprepmet03, jobid=15493077, in state SUCCEEDED (COMPLETED), ran for 7.0 seconds, exit status=0, try=23 (of 2)
2021-01-20 01:33:09 +0000 :: hfe11 :: Task gdasensprepmet04, jobid=15493078, in state SUCCEEDED (COMPLETED), ran for 8.0 seconds, exit status=0, try=23 (of 2)
2021-01-20 01:33:09 +0000 :: hfe11 :: Task gdasensprepmet05, jobid=15493079, in state SUCCEEDED (COMPLETED), ran for 6.0 seconds, exit status=0, try=23 (of 2)
2021-01-20 01:33:09 +0000 :: hfe11 :: Forcibly submitting gdasensprepmet01
2021-01-20 01:33:09 +0000 :: hfe11 :: Submission status of gdasensprepmet01 is pending at druby://hfe11:35117
2021-01-20 01:33:09 +0000 :: hfe11 :: Forcibly submitting gdasensprepmet02
2021-01-20 01:33:09 +0000 :: hfe11 :: Submission status of gdasensprepmet02 is pending at druby://hfe11:35117
2021-01-20 01:33:10 +0000 :: hfe11 :: Forcibly submitting gdasensprepmet03
2021-01-20 01:33:10 +0000 :: hfe11 :: Submission status of gdasensprepmet03 is pending at druby://hfe11:35117
2021-01-20 01:33:10 +0000 :: hfe11 :: Forcibly submitting gdasensprepmet04
2021-01-20 01:33:10 +0000 :: hfe11 :: Submission status of gdasensprepmet04 is pending at druby://hfe11:35117
2021-01-20 01:33:10 +0000 :: hfe11 :: Forcibly submitting gdasensprepmet05
2021-01-20 01:33:10 +0000 :: hfe11 :: Submission status of gdasensprepmet05 is pending at druby://hfe11:35117
2021-01-20 01:40:52 +0000 :: hfe11 :: Submission status of previously pending gdasensprepmet01 is success, jobid=15493228
2021-01-20 01:40:52 +0000 :: hfe11 :: Submission status of previously pending gdasensprepmet02 is success, jobid=15493229
2021-01-20 01:40:52 +0000 :: hfe11 :: Submission status of previously pending gdasensprepmet03 is success, jobid=15493230
2021-01-20 01:40:52 +0000 :: hfe11 :: Submission status of previously pending gdasensprepmet04 is success, jobid=15493231
2021-01-20 01:40:52 +0000 :: hfe11 :: Submission status of previously pending gdasensprepmet05 is success, jobid=15493232
2021-01-20 01:40:52 +0000 :: hfe11 :: Task gdasensprepmet01, jobid=15493228, in state SUCCEEDED (COMPLETED), ran for 8.0 seconds, exit status=0, try=25 (of 2)
2021-01-20 01:40:52 +0000 :: hfe11 :: Task gdasensprepmet02, jobid=15493229, in state SUCCEEDED (COMPLETED), ran for 9.0 seconds, exit status=0, try=25 (of 2)
2021-01-20 01:40:52 +0000 :: hfe11 :: Task gdasensprepmet03, jobid=15493230, in state SUCCEEDED (COMPLETED), ran for 10.0 seconds, exit status=0, try=25 (of 2)
2021-01-20 01:40:52 +0000 :: hfe11 :: Task gdasensprepmet04, jobid=15493231, in state SUCCEEDED (COMPLETED), ran for 12.0 seconds, exit status=0, try=25 (of 2)
2021-01-20 01:40:52 +0000 :: hfe11 :: Task gdasensprepmet05, jobid=15493232, in state SUCCEEDED (COMPLETED), ran for 8.0 seconds, exit status=0, try=25 (of 2)
2021-01-20 01:40:52 +0000 :: hfe11 :: Forcibly submitting gdasensprepmet01
2021-01-20 01:40:52 +0000 :: hfe11 :: Submission status of gdasensprepmet01 is pending at druby://hfe11:45710
2021-01-20 01:40:52 +0000 :: hfe11 :: Forcibly submitting gdasensprepmet02
2021-01-20 01:40:52 +0000 :: hfe11 :: Submission status of gdasensprepmet02 is pending at druby://hfe11:45710
2021-01-20 01:40:52 +0000 :: hfe11 :: Forcibly submitting gdasensprepmet03
2021-01-20 01:40:52 +0000 :: hfe11 :: Submission status of gdasensprepmet03 is pending at druby://hfe11:45710
2021-01-20 01:40:52 +0000 :: hfe11 :: Forcibly submitting gdasensprepmet04
2021-01-20 01:40:52 +0000 :: hfe11 :: Submission status of gdasensprepmet04 is pending at druby://hfe11:45710
2021-01-20 01:40:52 +0000 :: hfe11 :: Forcibly submitting gdasensprepmet05
2021-01-20 01:40:52 +0000 :: hfe11 :: Submission status of gdasensprepmet05 is pending at druby://hfe11:45710
2021-01-20 01:42:03 +0000 :: hfe11 :: Submission status of previously pending gdasensprepmet01 is success, jobid=15493382
2021-01-20 01:42:03 +0000 :: hfe11 :: Submission status of previously pending gdasensprepmet02 is success, jobid=15493383
2021-01-20 01:42:03 +0000 :: hfe11 :: Submission status of previously pending gdasensprepmet03 is success, jobid=15493384
2021-01-20 01:42:03 +0000 :: hfe11 :: Submission status of previously pending gdasensprepmet04 is success, jobid=15493385
2021-01-20 01:42:03 +0000 :: hfe11 :: Submission status of previously pending gdasensprepmet05 is success, jobid=15493386
2021-01-20 01:42:03 +0000 :: hfe11 :: Task gdasensprepmet01, jobid=15493382, in state SUCCEEDED (COMPLETED), ran for 21.0 seconds, exit status=0, try=27 (of 2)
2021-01-20 01:42:03 +0000 :: hfe11 :: Task gdasensprepmet02, jobid=15493383, in state SUCCEEDED (COMPLETED), ran for 7.0 seconds, exit status=0, try=27 (of 2)
2021-01-20 01:42:03 +0000 :: hfe11 :: Task gdasensprepmet03, jobid=15493384, in state SUCCEEDED (COMPLETED), ran for 17.0 seconds, exit status=0, try=27 (of 2)
2021-01-20 01:42:03 +0000 :: hfe11 :: Task gdasensprepmet04, jobid=15493385, in state SUCCEEDED (COMPLETED), ran for 10.0 seconds, exit status=0, try=27 (of 2)
2021-01-20 01:42:03 +0000 :: hfe11 :: Task gdasensprepmet05, jobid=15493386, in state SUCCEEDED (COMPLETED), ran for 16.0 seconds, exit status=0, try=27 (of 2)
2021-01-20 01:42:03 +0000 :: hfe11 :: Forcibly submitting gdasensprepmet01
2021-01-20 01:42:03 +0000 :: hfe11 :: Submission status of gdasensprepmet01 is pending at druby://hfe11:35278
2021-01-20 01:42:03 +0000 :: hfe11 :: Forcibly submitting gdasensprepmet02
2021-01-20 01:42:03 +0000 :: hfe11 :: Submission status of gdasensprepmet02 is pending at druby://hfe11:35278
2021-01-20 01:42:03 +0000 :: hfe11 :: Forcibly submitting gdasensprepmet03
2021-01-20 01:42:03 +0000 :: hfe11 :: Submission status of gdasensprepmet03 is pending at druby://hfe11:35278
2021-01-20 01:42:03 +0000 :: hfe11 :: Forcibly submitting gdasensprepmet04
2021-01-20 01:42:03 +0000 :: hfe11 :: Submission status of gdasensprepmet04 is pending at druby://hfe11:35278
2021-01-20 01:42:03 +0000 :: hfe11 :: Forcibly submitting gdasensprepmet05
2021-01-20 01:42:03 +0000 :: hfe11 :: Submission status of gdasensprepmet05 is pending at druby://hfe11:35278
2021-01-20 01:56:40 +0000 :: hfe11 :: Submission status of previously pending gdasensprepmet01 is success, jobid=15493389
2021-01-20 01:56:40 +0000 :: hfe11 :: Submission status of previously pending gdasensprepmet02 is success, jobid=15493390
2021-01-20 01:56:40 +0000 :: hfe11 :: Submission status of previously pending gdasensprepmet03 is success, jobid=15493391
2021-01-20 01:56:40 +0000 :: hfe11 :: Submission status of previously pending gdasensprepmet04 is success, jobid=15493392
2021-01-20 01:56:40 +0000 :: hfe11 :: Submission status of previously pending gdasensprepmet05 is success, jobid=15493393
2021-01-20 01:56:41 +0000 :: hfe11 :: Task gdasensprepmet01, jobid=15493389, in state SUCCEEDED (COMPLETED), ran for 106.0 seconds, exit status=0, try=29 (of 2)
2021-01-20 01:56:41 +0000 :: hfe11 :: Task gdasensprepmet02, jobid=15493390, in state SUCCEEDED (COMPLETED), ran for 79.0 seconds, exit status=0, try=29 (of 2)
2021-01-20 01:56:41 +0000 :: hfe11 :: Task gdasensprepmet03, jobid=15493391, in state SUCCEEDED (COMPLETED), ran for 86.0 seconds, exit status=0, try=29 (of 2)
2021-01-20 01:56:41 +0000 :: hfe11 :: Task gdasensprepmet04, jobid=15493392, in state SUCCEEDED (COMPLETED), ran for 83.0 seconds, exit status=0, try=29 (of 2)
2021-01-20 01:56:41 +0000 :: hfe11 :: Task gdasensprepmet05, jobid=15493393, in state SUCCEEDED (COMPLETED), ran for 84.0 seconds, exit status=0, try=29 (of 2)
2021-01-20 01:56:41 +0000 :: hfe11 :: Forcibly submitting gdasprepmet
2021-01-20 01:56:41 +0000 :: hfe11 :: Submission status of gdasprepmet is pending at druby://hfe11:39403
