2021-01-06 23:41:10 +0000 :: hfe03 :: Submission status of previously pending gdasprepchem is success, jobid=15133682
2021-01-06 23:41:10 +0000 :: hfe03 :: Task gdasprepchem, jobid=15133682, in state FAILED (FAILED), ran for 4.0 seconds, exit status=256, try=1 (of 2)
2021-01-06 23:41:15 +0000 :: hfe03 :: Forcibly submitting gdasprepchem
2021-01-06 23:41:15 +0000 :: hfe03 :: Submission status of gdasprepchem is pending at druby://hfe03:33913
2021-01-06 23:46:27 +0000 :: hfe03 :: Submission status of previously pending gdasprepchem is success, jobid=15133688
2021-01-06 23:46:27 +0000 :: hfe03 :: Task gdasprepchem, jobid=15133688, in state FAILED (FAILED), ran for 3.0 seconds, exit status=256, try=1 (of 2)
2021-01-06 23:46:32 +0000 :: hfe03 :: Forcibly submitting gdasprepchem
2021-01-06 23:46:32 +0000 :: hfe03 :: Submission status of gdasprepchem is pending at druby://hfe03:44868
2021-01-06 23:57:48 +0000 :: hfe09 :: Submission status of previously pending gdasprepchem is success, jobid=15133779
2021-01-06 23:57:49 +0000 :: hfe09 :: Task gdasprepchem, jobid=15133779, in state UNAVAILABLE (Unavailable)
2021-01-06 23:57:56 +0000 :: hfe09 :: Forcibly submitting gdasprepchem
2021-01-06 23:57:56 +0000 :: hfe09 :: Submission status of gdasprepchem is pending at druby://hfe09:45622
2021-01-07 00:04:19 +0000 :: hfe09 :: Submission status of previously pending gdasprepchem is success, jobid=15133887
2021-01-07 00:04:19 +0000 :: hfe09 :: Task gdasprepchem, jobid=15133887, in state UNAVAILABLE (Unavailable)
2021-01-07 00:04:26 +0000 :: hfe09 :: Task gdasprepchem, jobid=15133887, in state UNAVAILABLE (Unavailable)
2021-01-07 00:04:29 +0000 :: hfe09 :: Forcibly submitting gdasprepchem
2021-01-07 00:04:29 +0000 :: hfe09 :: Submission status of gdasprepchem is pending at druby://hfe09:37146
2021-01-07 00:10:42 +0000 :: hfe09 :: Submission status of previously pending gdasprepchem is success, jobid=15133974
2021-01-07 00:10:42 +0000 :: hfe09 :: Task gdasprepchem, jobid=15133974, in state UNAVAILABLE (Unavailable)
2021-01-07 00:10:47 +0000 :: hfe09 :: Forcibly submitting gdasprepchem
2021-01-07 00:10:47 +0000 :: hfe09 :: Submission status of gdasprepchem is pending at druby://hfe09:43286
2021-01-07 00:11:40 +0000 :: hfe09 :: Submission status of previously pending gdasprepchem is success, jobid=15134084
2021-01-07 00:11:41 +0000 :: hfe09 :: Task gdasprepchem, jobid=15134084, in state FAILED (FAILED), ran for 9.0 seconds, exit status=768, try=1 (of 2)
2021-01-07 00:11:44 +0000 :: hfe09 :: Forcibly submitting gdasprepchem
2021-01-07 00:11:44 +0000 :: hfe09 :: Submission status of gdasprepchem is pending at druby://hfe09:35201
2021-01-07 00:23:55 +0000 :: hfe11 :: Submission status of previously pending gdasprepchem is success, jobid=15134091
2021-01-07 00:23:55 +0000 :: hfe11 :: Task gdasprepchem, jobid=15134091, in state UNAVAILABLE (Unavailable)
2021-01-07 00:24:03 +0000 :: hfe11 :: Forcibly submitting gdasprepchem
2021-01-07 00:24:03 +0000 :: hfe11 :: Submission status of gdasprepchem is pending at druby://hfe11:46594
2021-01-07 00:24:41 +0000 :: hfe11 :: Submission status of previously pending gdasprepchem is success, jobid=15134256
2021-01-07 00:24:41 +0000 :: hfe11 :: Task gdasprepchem, jobid=15134256, in state SUCCEEDED (COMPLETED), ran for 5.0 seconds, exit status=0, try=1 (of 2)
2021-01-07 00:24:44 +0000 :: hfe11 :: Forcibly submitting gdasprepchem
2021-01-07 00:24:44 +0000 :: hfe11 :: Submission status of gdasprepchem is pending at druby://hfe11:35843
2021-01-07 00:28:16 +0000 :: hfe11 :: Submission status of previously pending gdasprepchem is success, jobid=15134282
2021-01-07 00:28:17 +0000 :: hfe11 :: Task gdasprepchem, jobid=15134282, in state FAILED (FAILED), ran for 5.0 seconds, exit status=768, try=1 (of 2)
2021-01-07 00:28:20 +0000 :: hfe11 :: Forcibly submitting gdasprepchem
2021-01-07 00:28:20 +0000 :: hfe11 :: Submission status of gdasprepchem is pending at druby://hfe11:34728
2021-01-07 00:30:47 +0000 :: hfe11 :: Submission status of previously pending gdasprepchem is success, jobid=15134418
2021-01-07 00:30:47 +0000 :: hfe11 :: Task gdasprepchem, jobid=15134418, in state SUCCEEDED (COMPLETED), ran for 5.0 seconds, exit status=0, try=1 (of 2)
2021-01-07 00:30:54 +0000 :: hfe11 :: Forcibly submitting gdasprepchem
2021-01-07 00:30:54 +0000 :: hfe11 :: Submission status of gdasprepchem is pending at druby://hfe11:40193
2021-01-07 18:28:19 +0000 :: hfe02 :: Submission status of previously pending gdasprepchem is success, jobid=15134535
2021-01-07 18:28:20 +0000 :: hfe02 :: Task gdasprepchem, jobid=15134535, in state UNAVAILABLE (Unavailable)
2021-01-07 18:28:41 +0000 :: hfe02 :: Task gdasprepchem, jobid=15134535, in state UNAVAILABLE (Unavailable)
2021-01-07 18:28:41 +0000 :: hfe02 :: Forcibly submitting gdasfcst
2021-01-07 18:28:41 +0000 :: hfe02 :: Submission status of gdasfcst is pending at druby://hfe02:41310
2021-01-07 18:33:29 +0000 :: hfe02 :: Submission status of previously pending gdasfcst is success, jobid=15156294
2021-01-07 18:33:29 +0000 :: hfe02 :: Task gdasprepchem, jobid=15134535, in state SUCCEEDED (COMPLETED), ran for 5.0 seconds, exit status=0, try=1 (of 2)
2021-01-07 18:33:29 +0000 :: hfe02 :: Task gdasfcst, jobid=15156294, in state FAILED (FAILED), ran for 16.0 seconds, exit status=512, try=1 (of 2)
2021-01-07 18:33:36 +0000 :: hfe02 :: Forcibly submitting gdasfcst
2021-01-07 18:33:36 +0000 :: hfe02 :: Submission status of gdasfcst is pending at druby://hfe02:41827
2021-01-07 18:44:04 +0000 :: hfe02 :: Submission status of previously pending gdasfcst is success, jobid=15156347
2021-01-07 18:44:04 +0000 :: hfe02 :: Task gdasfcst, jobid=15156347, in state UNAVAILABLE (Unavailable)
2021-01-07 18:44:09 +0000 :: hfe02 :: Forcibly submitting gdasfcst
2021-01-07 18:44:09 +0000 :: hfe02 :: Submission status of gdasfcst is pending at druby://hfe02:36216
2021-01-07 21:42:32 +0000 :: hfe02 :: Forcibly submitting gdasfcst
2021-01-07 21:42:32 +0000 :: hfe02 :: Submission status of gdasfcst is pending at druby://hfe02:34167
2021-01-07 21:45:43 +0000 :: hfe02 :: Submission status of previously pending gdasfcst is success, jobid=15159694
2021-01-07 21:45:43 +0000 :: hfe02 :: Task gdasfcst, jobid=15159694, in state FAILED (FAILED), ran for 10.0 seconds, exit status=35072, try=1 (of 2)
2021-01-07 21:45:43 +0000 :: hfe02 :: Forcibly submitting gdasfcst
2021-01-07 21:45:43 +0000 :: hfe02 :: Submission status of gdasfcst is pending at druby://hfe02:45446
2021-01-07 21:49:23 +0000 :: hfe02 :: Submission status of previously pending gdasfcst is success, jobid=15159774
2021-01-07 21:49:24 +0000 :: hfe02 :: Task gdasfcst, jobid=15159774, in state DEAD (FAILED), ran for 11.0 seconds, exit status=35072, try=3 (of 2)
2021-01-07 21:49:24 +0000 :: hfe02 :: Forcibly submitting gdasfcst
2021-01-07 21:49:24 +0000 :: hfe02 :: Submission status of gdasfcst is pending at druby://hfe02:39136
2021-01-07 22:30:18 +0000 :: hfe02 :: Submission status of previously pending gdasfcst is success, jobid=15159803
2021-01-07 22:30:18 +0000 :: hfe02 :: Task gdasfcst, jobid=15159803, in state UNAVAILABLE (Unavailable)
2021-01-07 22:31:09 +0000 :: hfe02 :: Task gdasfcst, jobid=15159803, in state UNAVAILABLE (Unavailable)
2021-01-07 22:31:12 +0000 :: hfe02 :: Forcibly submitting gdasfcst
2021-01-07 22:31:12 +0000 :: hfe02 :: Submission status of gdasfcst is pending at druby://hfe02:43294
2021-01-07 22:45:12 +0000 :: hfe02 :: Submission status of previously pending gdasfcst is success, jobid=15160695
2021-01-07 22:45:12 +0000 :: hfe02 :: Task gdasfcst, jobid=15160695, in state UNAVAILABLE (Unavailable)
2021-01-07 22:45:19 +0000 :: hfe02 :: Task gdasfcst, jobid=15160695, in state UNAVAILABLE (Unavailable)
2021-01-07 22:45:33 +0000 :: hfe02 :: Forcibly submitting gdasfcst
2021-01-07 22:45:33 +0000 :: hfe02 :: Submission status of gdasfcst is pending at druby://hfe02:38115
2021-01-07 22:49:56 +0000 :: hfe02 :: Submission status of previously pending gdasfcst is success, jobid=15160951
2021-01-07 22:49:57 +0000 :: hfe02 :: Task gdasfcst, jobid=15160951, in state SUCCEEDED (COMPLETED), ran for 86.0 seconds, exit status=0, try=1 (of 2)
2021-01-07 22:49:57 +0000 :: hfe02 :: This cycle is complete: Success
2021-01-07 22:52:57 +0000 :: hfe02 :: Forcibly submitting gdasfcst
2021-01-07 22:52:57 +0000 :: hfe02 :: Submission status of gdasfcst is pending at druby://hfe02:43757
2021-01-07 22:55:34 +0000 :: hfe02 :: Submission status of previously pending gdasfcst is success, jobid=15161048
2021-01-07 22:55:34 +0000 :: hfe02 :: Task gdasfcst, jobid=15161048, in state SUCCEEDED (COMPLETED), ran for 85.0 seconds, exit status=0, try=3 (of 2)
2021-01-08 23:56:27 +0000 :: hfe11 :: Forcibly submitting gdasefcs01
2021-01-08 23:56:27 +0000 :: hfe11 :: Submission status of gdasefcs01 is pending at druby://hfe11:42071
2021-01-08 23:56:27 +0000 :: hfe11 :: Forcibly submitting gdasefcs02
2021-01-08 23:56:27 +0000 :: hfe11 :: Submission status of gdasefcs02 is pending at druby://hfe11:42071
2021-01-08 23:56:27 +0000 :: hfe11 :: Forcibly submitting gdasefcs03
2021-01-08 23:56:27 +0000 :: hfe11 :: Submission status of gdasefcs03 is pending at druby://hfe11:42071
2021-01-08 23:56:27 +0000 :: hfe11 :: Forcibly submitting gdasefcs04
2021-01-08 23:56:27 +0000 :: hfe11 :: Submission status of gdasefcs04 is pending at druby://hfe11:42071
2021-01-08 23:56:27 +0000 :: hfe11 :: Forcibly submitting gdasefcs05
2021-01-08 23:56:27 +0000 :: hfe11 :: Submission status of gdasefcs05 is pending at druby://hfe11:42071
2021-01-09 00:10:42 +0000 :: hfe11 :: Submission status of previously pending gdasefcs01 is success, jobid=15193909
2021-01-09 00:10:42 +0000 :: hfe11 :: Submission status of previously pending gdasefcs02 is success, jobid=15193910
2021-01-09 00:10:42 +0000 :: hfe11 :: Submission status of previously pending gdasefcs03 is success, jobid=15193911
2021-01-09 00:10:42 +0000 :: hfe11 :: Submission status of previously pending gdasefcs04 is success, jobid=15193912
2021-01-09 00:10:42 +0000 :: hfe11 :: Submission status of previously pending gdasefcs05 is success, jobid=15193913
2021-01-09 00:10:42 +0000 :: hfe11 :: Task gdasefcs01, jobid=15193909, in state FAILED (FAILED), ran for 49.0 seconds, exit status=2, try=1 (of 2)
2021-01-09 00:10:42 +0000 :: hfe11 :: Task gdasefcs02, jobid=15193910, in state FAILED (FAILED), ran for 48.0 seconds, exit status=2, try=1 (of 2)
2021-01-09 00:10:42 +0000 :: hfe11 :: Task gdasefcs03, jobid=15193911, in state FAILED (FAILED), ran for 47.0 seconds, exit status=2, try=1 (of 2)
2021-01-09 00:10:42 +0000 :: hfe11 :: Task gdasefcs04, jobid=15193912, in state FAILED (FAILED), ran for 48.0 seconds, exit status=2, try=1 (of 2)
2021-01-09 00:10:42 +0000 :: hfe11 :: Task gdasefcs05, jobid=15193913, in state FAILED (FAILED), ran for 49.0 seconds, exit status=2, try=1 (of 2)
2021-01-09 00:10:42 +0000 :: hfe11 :: Forcibly submitting gdasefcs01
2021-01-09 00:10:42 +0000 :: hfe11 :: Submission status of gdasefcs01 is pending at druby://hfe11:33338
2021-01-09 00:10:42 +0000 :: hfe11 :: Forcibly submitting gdasefcs02
2021-01-09 00:10:42 +0000 :: hfe11 :: Submission status of gdasefcs02 is pending at druby://hfe11:33338
2021-01-09 00:10:42 +0000 :: hfe11 :: Forcibly submitting gdasefcs03
2021-01-09 00:10:42 +0000 :: hfe11 :: Submission status of gdasefcs03 is pending at druby://hfe11:33338
2021-01-09 00:10:42 +0000 :: hfe11 :: Forcibly submitting gdasefcs04
2021-01-09 00:10:42 +0000 :: hfe11 :: Submission status of gdasefcs04 is pending at druby://hfe11:33338
2021-01-09 00:10:42 +0000 :: hfe11 :: Forcibly submitting gdasefcs05
2021-01-09 00:10:42 +0000 :: hfe11 :: Submission status of gdasefcs05 is pending at druby://hfe11:33338
2021-01-09 00:22:24 +0000 :: hfe02 :: Submission status of previously pending gdasefcs01 is success, jobid=15194245
2021-01-09 00:22:24 +0000 :: hfe02 :: Submission status of previously pending gdasefcs02 is success, jobid=15194246
2021-01-09 00:22:24 +0000 :: hfe02 :: Submission status of previously pending gdasefcs03 is success, jobid=15194247
2021-01-09 00:22:24 +0000 :: hfe02 :: Submission status of previously pending gdasefcs04 is success, jobid=15194248
2021-01-09 00:22:24 +0000 :: hfe02 :: Submission status of previously pending gdasefcs05 is success, jobid=15194249
2021-01-09 00:22:24 +0000 :: hfe02 :: Task gdasefcs01, jobid=15194245, in state SUCCEEDED (COMPLETED), ran for 409.0 seconds, exit status=0, try=3 (of 2)
2021-01-09 00:22:24 +0000 :: hfe02 :: Task gdasefcs02, jobid=15194246, in state SUCCEEDED (COMPLETED), ran for 406.0 seconds, exit status=0, try=3 (of 2)
2021-01-09 00:22:24 +0000 :: hfe02 :: Task gdasefcs03, jobid=15194247, in state SUCCEEDED (COMPLETED), ran for 401.0 seconds, exit status=0, try=3 (of 2)
2021-01-09 00:22:24 +0000 :: hfe02 :: Task gdasefcs04, jobid=15194248, in state SUCCEEDED (COMPLETED), ran for 403.0 seconds, exit status=0, try=3 (of 2)
2021-01-09 00:22:24 +0000 :: hfe02 :: Task gdasefcs05, jobid=15194249, in state SUCCEEDED (COMPLETED), ran for 402.0 seconds, exit status=0, try=3 (of 2)
2021-01-09 00:22:24 +0000 :: hfe02 :: Forcibly submitting gdasemean
2021-01-09 00:22:24 +0000 :: hfe02 :: Submission status of gdasemean is pending at druby://hfe02:34293
2021-01-09 00:24:08 +0000 :: hfe02 :: Submission status of previously pending gdasemean is success, jobid=15194385
2021-01-09 00:24:09 +0000 :: hfe02 :: Task gdasemean, jobid=15194385, in state SUCCEEDED (COMPLETED), ran for 14.0 seconds, exit status=0, try=1 (of 2)
2021-01-09 00:24:09 +0000 :: hfe02 :: Forcibly submitting gdasemean
2021-01-09 00:24:09 +0000 :: hfe02 :: Submission status of gdasemean is pending at druby://hfe02:45776
2021-01-09 01:14:50 +0000 :: hfe02 :: Submission status of previously pending gdasemean is success, jobid=15194405
2021-01-09 01:14:50 +0000 :: hfe02 :: Task gdasemean, jobid=15194405, in state UNAVAILABLE (Unavailable)
2021-01-09 01:16:03 +0000 :: hfe02 :: Task gdasemean, jobid=15194405, in state UNAVAILABLE (Unavailable)
2021-01-09 01:16:09 +0000 :: hfe02 :: Task gdasemean, jobid=15194405, in state UNAVAILABLE (Unavailable)
2021-01-09 01:16:12 +0000 :: hfe02 :: Forcibly submitting gdasemean
2021-01-09 01:16:12 +0000 :: hfe02 :: Submission status of gdasemean is pending at druby://hfe02:39972
2021-01-09 01:16:56 +0000 :: hfe02 :: Submission status of previously pending gdasemean is success, jobid=15195466
2021-01-09 01:16:56 +0000 :: hfe02 :: Task gdasemean, jobid=15195466, in state FAILED (CANCELLED), ran for 0.0 seconds, exit status=255, try=1 (of 2)
2021-01-09 01:16:56 +0000 :: hfe02 :: Forcibly submitting gdasemean
2021-01-09 01:16:56 +0000 :: hfe02 :: Submission status of gdasemean is pending at druby://hfe02:46808
2021-01-09 01:23:54 +0000 :: hfe02 :: Submission status of previously pending gdasemean is success, jobid=15195478
2021-01-09 01:23:54 +0000 :: hfe02 :: Task gdasemean, jobid=15195478, in state UNAVAILABLE (Unavailable)
2021-01-09 01:23:59 +0000 :: hfe02 :: Task gdasemean, jobid=15195478, in state UNAVAILABLE (Unavailable)
2021-01-09 01:24:03 +0000 :: hfe02 :: Forcibly submitting gdasemean
2021-01-09 01:24:03 +0000 :: hfe02 :: Submission status of gdasemean is pending at druby://hfe02:39514
2021-01-09 01:27:38 +0000 :: hfe02 :: Submission status of previously pending gdasemean is success, jobid=15195591
2021-01-09 01:27:38 +0000 :: hfe02 :: Task gdasemean, jobid=15195591, in state SUCCEEDED (COMPLETED), ran for 13.0 seconds, exit status=0, try=1 (of 2)
2021-01-09 01:27:38 +0000 :: hfe02 :: Forcibly submitting gdasemean
2021-01-09 01:27:38 +0000 :: hfe02 :: Submission status of gdasemean is pending at druby://hfe02:44183
2021-01-09 01:33:16 +0000 :: hfe02 :: Submission status of previously pending gdasemean is success, jobid=15195701
2021-01-09 01:33:17 +0000 :: hfe02 :: Task gdasemean, jobid=15195701, in state SUCCEEDED (COMPLETED), ran for 14.0 seconds, exit status=0, try=3 (of 2)
2021-01-09 01:33:17 +0000 :: hfe02 :: Forcibly submitting gdasemean
2021-01-09 01:33:17 +0000 :: hfe02 :: Submission status of gdasemean is pending at druby://hfe02:33554
2021-01-09 01:34:02 +0000 :: hfe02 :: Submission status of previously pending gdasemean is success, jobid=15195788
2021-01-09 01:34:02 +0000 :: hfe02 :: Task gdasemean, jobid=15195788, in state SUCCEEDED (COMPLETED), ran for 15.0 seconds, exit status=0, try=5 (of 2)
2021-01-09 01:34:02 +0000 :: hfe02 :: Forcibly submitting gdasemean
2021-01-09 01:34:02 +0000 :: hfe02 :: Submission status of gdasemean is pending at druby://hfe02:44627
2021-01-09 01:50:33 +0000 :: hfe02 :: Submission status of previously pending gdasemean is success, jobid=15195816
2021-01-09 01:50:33 +0000 :: hfe02 :: Task gdasemean, jobid=15195816, in state UNAVAILABLE (Unavailable)
2021-01-09 01:50:37 +0000 :: hfe02 :: Forcibly submitting gdasemean
2021-01-09 01:50:37 +0000 :: hfe02 :: Submission status of gdasemean is pending at druby://hfe02:42348
2021-01-12 23:44:33 +0000 :: hfe01 :: Submission status of gdasemean for cycle 201605081800 could not be retrieved because the server process at druby://hfe02:42348 died
2021-01-12 23:44:33 +0000 :: hfe01 :: Submission of gdasemean for cycle 201605081800 probably, but not necessarily, failed.  It will be resubmitted
2021-01-12 23:59:25 +0000 :: hfe01 :: Forcibly submitting gdasefcs01
2021-01-12 23:59:25 +0000 :: hfe01 :: Submission status of gdasefcs01 is pending at druby://hfe01:44007
2021-01-12 23:59:25 +0000 :: hfe01 :: Forcibly submitting gdasefcs02
2021-01-12 23:59:25 +0000 :: hfe01 :: Submission status of gdasefcs02 is pending at druby://hfe01:44007
2021-01-12 23:59:25 +0000 :: hfe01 :: Forcibly submitting gdasefcs03
2021-01-12 23:59:25 +0000 :: hfe01 :: Submission status of gdasefcs03 is pending at druby://hfe01:44007
2021-01-12 23:59:25 +0000 :: hfe01 :: Forcibly submitting gdasefcs04
2021-01-12 23:59:25 +0000 :: hfe01 :: Submission status of gdasefcs04 is pending at druby://hfe01:44007
2021-01-12 23:59:25 +0000 :: hfe01 :: Forcibly submitting gdasefcs05
2021-01-12 23:59:25 +0000 :: hfe01 :: Submission status of gdasefcs05 is pending at druby://hfe01:44007
2021-01-13 00:02:33 +0000 :: hfe01 :: Submission status of previously pending gdasefcs01 is success, jobid=15301537
2021-01-13 00:02:33 +0000 :: hfe01 :: Submission status of previously pending gdasefcs02 is success, jobid=15301538
2021-01-13 00:02:33 +0000 :: hfe01 :: Submission status of previously pending gdasefcs03 is success, jobid=15301539
2021-01-13 00:02:33 +0000 :: hfe01 :: Submission status of previously pending gdasefcs04 is success, jobid=15301540
2021-01-13 00:02:33 +0000 :: hfe01 :: Submission status of previously pending gdasefcs05 is success, jobid=15301541
2021-01-13 00:02:33 +0000 :: hfe01 :: Task gdasefcs01, jobid=15301537, in state SUCCEEDED (COMPLETED), ran for 5.0 seconds, exit status=0, try=5 (of 2)
2021-01-13 00:02:33 +0000 :: hfe01 :: Task gdasefcs02, jobid=15301538, in state SUCCEEDED (COMPLETED), ran for 5.0 seconds, exit status=0, try=5 (of 2)
2021-01-13 00:02:33 +0000 :: hfe01 :: Task gdasefcs03, jobid=15301539, in state SUCCEEDED (COMPLETED), ran for 5.0 seconds, exit status=0, try=5 (of 2)
2021-01-13 00:02:33 +0000 :: hfe01 :: Task gdasefcs04, jobid=15301540, in state SUCCEEDED (COMPLETED), ran for 7.0 seconds, exit status=0, try=5 (of 2)
2021-01-13 00:02:33 +0000 :: hfe01 :: Task gdasefcs05, jobid=15301541, in state SUCCEEDED (COMPLETED), ran for 6.0 seconds, exit status=0, try=5 (of 2)
2021-01-13 00:14:15 +0000 :: hfe03 :: Forcibly submitting gdasprepchem
2021-01-13 00:14:15 +0000 :: hfe03 :: Submission status of gdasprepchem is pending at druby://hfe03:43569
2021-01-13 00:15:01 +0000 :: hfe03 :: Submission status of previously pending gdasprepchem is success, jobid=15301758
2021-01-13 00:15:01 +0000 :: hfe03 :: Task gdasprepchem, jobid=15301758, in state SUCCEEDED (COMPLETED), ran for 4.0 seconds, exit status=0, try=1 (of 2)
2021-01-13 00:15:01 +0000 :: hfe03 :: Forcibly submitting gdasfcst
2021-01-13 00:15:01 +0000 :: hfe03 :: Submission status of gdasfcst is pending at druby://hfe03:45388
2021-01-13 00:15:09 +0000 :: hfe03 :: Submission status of previously pending gdasfcst is success, jobid=15301761
2021-01-13 00:15:09 +0000 :: hfe03 :: Task gdasfcst, jobid=15301761, in state RUNNING (RUNNING)
2021-01-13 00:15:09 +0000 :: hfe03 :: Forcibly submitting gdasefcs01
2021-01-13 00:15:09 +0000 :: hfe03 :: Submission status of gdasefcs01 is pending at druby://hfe03:38421
2021-01-13 00:15:09 +0000 :: hfe03 :: Forcibly submitting gdasefcs02
2021-01-13 00:15:09 +0000 :: hfe03 :: Submission status of gdasefcs02 is pending at druby://hfe03:38421
2021-01-13 00:15:09 +0000 :: hfe03 :: Forcibly submitting gdasefcs03
2021-01-13 00:15:09 +0000 :: hfe03 :: Submission status of gdasefcs03 is pending at druby://hfe03:38421
2021-01-13 00:15:09 +0000 :: hfe03 :: Forcibly submitting gdasefcs04
2021-01-13 00:15:09 +0000 :: hfe03 :: Submission status of gdasefcs04 is pending at druby://hfe03:38421
2021-01-13 00:15:09 +0000 :: hfe03 :: Forcibly submitting gdasefcs05
2021-01-13 00:15:09 +0000 :: hfe03 :: Submission status of gdasefcs05 is pending at druby://hfe03:38421
2021-01-13 00:22:48 +0000 :: hfe03 :: Submission status of previously pending gdasefcs01 is success, jobid=15301791
2021-01-13 00:22:48 +0000 :: hfe03 :: Submission status of previously pending gdasefcs02 is success, jobid=15301792
2021-01-13 00:22:48 +0000 :: hfe03 :: Submission status of previously pending gdasefcs03 is success, jobid=15301793
2021-01-13 00:22:48 +0000 :: hfe03 :: Submission status of previously pending gdasefcs04 is success, jobid=15301794
2021-01-13 00:22:48 +0000 :: hfe03 :: Submission status of previously pending gdasefcs05 is success, jobid=15301795
2021-01-13 00:22:48 +0000 :: hfe03 :: Task gdasfcst, jobid=15301761, in state SUCCEEDED (COMPLETED), ran for 82.0 seconds, exit status=0, try=5 (of 2)
2021-01-13 00:22:48 +0000 :: hfe03 :: Task gdasefcs01, jobid=15301791, in state SUCCEEDED (COMPLETED), ran for 415.0 seconds, exit status=0, try=7 (of 2)
2021-01-13 00:22:49 +0000 :: hfe03 :: Task gdasefcs02, jobid=15301792, in state SUCCEEDED (COMPLETED), ran for 413.0 seconds, exit status=0, try=7 (of 2)
2021-01-13 00:22:49 +0000 :: hfe03 :: Task gdasefcs03, jobid=15301793, in state SUCCEEDED (COMPLETED), ran for 414.0 seconds, exit status=0, try=7 (of 2)
2021-01-13 00:22:49 +0000 :: hfe03 :: Task gdasefcs04, jobid=15301794, in state SUCCEEDED (COMPLETED), ran for 414.0 seconds, exit status=0, try=7 (of 2)
2021-01-13 00:22:49 +0000 :: hfe03 :: Task gdasefcs05, jobid=15301795, in state SUCCEEDED (COMPLETED), ran for 420.0 seconds, exit status=0, try=7 (of 2)
2021-01-13 00:22:49 +0000 :: hfe03 :: Forcibly submitting gdasemean
2021-01-13 00:22:49 +0000 :: hfe03 :: Submission status of gdasemean is pending at druby://hfe03:45722
2021-01-13 00:24:12 +0000 :: hfe03 :: Submission status of previously pending gdasemean is success, jobid=15301901
2021-01-13 00:24:12 +0000 :: hfe03 :: Task gdasemean, jobid=15301901, in state SUCCEEDED (COMPLETED), ran for 24.0 seconds, exit status=0, try=1 (of 2)
